CRITICAL - 2021-04-22 16:30:19 --> Undefined variable $msg
#0 C:\xampp\htdocs\atividadedelta\app\Views\alunos_form.php(4): CodeIgniter\Debug\Exceptions->errorHandler(2, 'Undefined varia...', 'C:\\xampp\\htdocs...', 4)
#1 C:\xampp\htdocs\atividadedelta\system\View\View.php(220): include('C:\\xampp\\htdocs...')
#2 C:\xampp\htdocs\atividadedelta\system\View\View.php(222): CodeIgniter\View\View->CodeIgniter\View\{closure}()
#3 C:\xampp\htdocs\atividadedelta\system\Common.php(1217): CodeIgniter\View\View->render('alunos_form', Array, true)
#4 C:\xampp\htdocs\atividadedelta\app\Controllers\Alunos.php(15): view('alunos_form', Array)
#5 C:\xampp\htdocs\atividadedelta\system\CodeIgniter.php(936): App\Controllers\Alunos->index()
#6 C:\xampp\htdocs\atividadedelta\system\CodeIgniter.php(432): CodeIgniter\CodeIgniter->runController(Object(App\Controllers\Alunos))
#7 C:\xampp\htdocs\atividadedelta\system\CodeIgniter.php(333): CodeIgniter\CodeIgniter->handleRequest(NULL, Object(Config\Cache), false)
#8 C:\xampp\htdocs\atividadedelta\public\index.php(44): CodeIgniter\CodeIgniter->run()
#9 {main}
CRITICAL - 2021-04-22 16:31:33 --> Undefined variable $alunos
#0 C:\xampp\htdocs\atividadedelta\app\Views\alunos.php(8): CodeIgniter\Debug\Exceptions->errorHandler(2, 'Undefined varia...', 'C:\\xampp\\htdocs...', 8)
#1 C:\xampp\htdocs\atividadedelta\system\View\View.php(220): include('C:\\xampp\\htdocs...')
#2 C:\xampp\htdocs\atividadedelta\system\View\View.php(222): CodeIgniter\View\View->CodeIgniter\View\{closure}()
#3 C:\xampp\htdocs\atividadedelta\system\Common.php(1217): CodeIgniter\View\View->render('alunos', Array, true)
#4 C:\xampp\htdocs\atividadedelta\app\Controllers\Alunos.php(15): view('alunos', Array)
#5 C:\xampp\htdocs\atividadedelta\system\CodeIgniter.php(936): App\Controllers\Alunos->index()
#6 C:\xampp\htdocs\atividadedelta\system\CodeIgniter.php(432): CodeIgniter\CodeIgniter->runController(Object(App\Controllers\Alunos))
#7 C:\xampp\htdocs\atividadedelta\system\CodeIgniter.php(333): CodeIgniter\CodeIgniter->handleRequest(NULL, Object(Config\Cache), false)
#8 C:\xampp\htdocs\atividadedelta\public\index.php(44): CodeIgniter\CodeIgniter->run()
#9 {main}
CRITICAL - 2021-04-22 16:50:30 --> Undefined property: stdClass::$id
#0 C:\xampp\htdocs\atividadedelta\app\Views\alunos.php(12): CodeIgniter\Debug\Exceptions->errorHandler(2, 'Undefined prope...', 'C:\\xampp\\htdocs...', 12)
#1 C:\xampp\htdocs\atividadedelta\system\View\View.php(220): include('C:\\xampp\\htdocs...')
#2 C:\xampp\htdocs\atividadedelta\system\View\View.php(222): CodeIgniter\View\View->CodeIgniter\View\{closure}()
#3 C:\xampp\htdocs\atividadedelta\system\Common.php(1217): CodeIgniter\View\View->render('alunos', Array, true)
#4 C:\xampp\htdocs\atividadedelta\app\Controllers\Alunos.php(14): view('alunos', Array)
#5 C:\xampp\htdocs\atividadedelta\system\CodeIgniter.php(936): App\Controllers\Alunos->index()
#6 C:\xampp\htdocs\atividadedelta\system\CodeIgniter.php(432): CodeIgniter\CodeIgniter->runController(Object(App\Controllers\Alunos))
#7 C:\xampp\htdocs\atividadedelta\system\CodeIgniter.php(333): CodeIgniter\CodeIgniter->handleRequest(NULL, Object(Config\Cache), false)
#8 C:\xampp\htdocs\atividadedelta\public\index.php(44): CodeIgniter\CodeIgniter->run()
#9 {main}
CRITICAL - 2021-04-22 16:52:30 --> Undefined property: stdClass::$id
#0 C:\xampp\htdocs\atividadedelta\app\Views\alunos.php(12): CodeIgniter\Debug\Exceptions->errorHandler(2, 'Undefined prope...', 'C:\\xampp\\htdocs...', 12)
#1 C:\xampp\htdocs\atividadedelta\system\View\View.php(220): include('C:\\xampp\\htdocs...')
#2 C:\xampp\htdocs\atividadedelta\system\View\View.php(222): CodeIgniter\View\View->CodeIgniter\View\{closure}()
#3 C:\xampp\htdocs\atividadedelta\system\Common.php(1217): CodeIgniter\View\View->render('alunos', Array, true)
#4 C:\xampp\htdocs\atividadedelta\app\Controllers\Alunos.php(14): view('alunos', Array)
#5 C:\xampp\htdocs\atividadedelta\system\CodeIgniter.php(936): App\Controllers\Alunos->index()
#6 C:\xampp\htdocs\atividadedelta\system\CodeIgniter.php(432): CodeIgniter\CodeIgniter->runController(Object(App\Controllers\Alunos))
#7 C:\xampp\htdocs\atividadedelta\system\CodeIgniter.php(333): CodeIgniter\CodeIgniter->handleRequest(NULL, Object(Config\Cache), false)
#8 C:\xampp\htdocs\atividadedelta\public\index.php(44): CodeIgniter\CodeIgniter->run()
#9 {main}
CRITICAL - 2021-04-22 16:53:03 --> Undefined property: stdClass::$id
#0 C:\xampp\htdocs\atividadedelta\app\Views\alunos.php(12): CodeIgniter\Debug\Exceptions->errorHandler(2, 'Undefined prope...', 'C:\\xampp\\htdocs...', 12)
#1 C:\xampp\htdocs\atividadedelta\system\View\View.php(220): include('C:\\xampp\\htdocs...')
#2 C:\xampp\htdocs\atividadedelta\system\View\View.php(222): CodeIgniter\View\View->CodeIgniter\View\{closure}()
#3 C:\xampp\htdocs\atividadedelta\system\Common.php(1217): CodeIgniter\View\View->render('alunos', Array, true)
#4 C:\xampp\htdocs\atividadedelta\app\Controllers\Alunos.php(14): view('alunos', Array)
#5 C:\xampp\htdocs\atividadedelta\system\CodeIgniter.php(936): App\Controllers\Alunos->index()
#6 C:\xampp\htdocs\atividadedelta\system\CodeIgniter.php(432): CodeIgniter\CodeIgniter->runController(Object(App\Controllers\Alunos))
#7 C:\xampp\htdocs\atividadedelta\system\CodeIgniter.php(333): CodeIgniter\CodeIgniter->handleRequest(NULL, Object(Config\Cache), false)
#8 C:\xampp\htdocs\atividadedelta\public\index.php(44): CodeIgniter\CodeIgniter->run()
#9 {main}
CRITICAL - 2021-04-22 16:53:51 --> Undefined property: stdClass::$id
#0 C:\xampp\htdocs\atividadedelta\app\Views\alunos.php(12): CodeIgniter\Debug\Exceptions->errorHandler(2, 'Undefined prope...', 'C:\\xampp\\htdocs...', 12)
#1 C:\xampp\htdocs\atividadedelta\system\View\View.php(220): include('C:\\xampp\\htdocs...')
#2 C:\xampp\htdocs\atividadedelta\system\View\View.php(222): CodeIgniter\View\View->CodeIgniter\View\{closure}()
#3 C:\xampp\htdocs\atividadedelta\system\Common.php(1217): CodeIgniter\View\View->render('alunos', Array, true)
#4 C:\xampp\htdocs\atividadedelta\app\Controllers\Alunos.php(14): view('alunos', Array)
#5 C:\xampp\htdocs\atividadedelta\system\CodeIgniter.php(936): App\Controllers\Alunos->index()
#6 C:\xampp\htdocs\atividadedelta\system\CodeIgniter.php(432): CodeIgniter\CodeIgniter->runController(Object(App\Controllers\Alunos))
#7 C:\xampp\htdocs\atividadedelta\system\CodeIgniter.php(333): CodeIgniter\CodeIgniter->handleRequest(NULL, Object(Config\Cache), false)
#8 C:\xampp\htdocs\atividadedelta\public\index.php(44): CodeIgniter\CodeIgniter->run()
#9 {main}
CRITICAL - 2021-04-22 16:54:37 --> Undefined property: stdClass::$id
#0 C:\xampp\htdocs\atividadedelta\app\Views\alunos.php(11): CodeIgniter\Debug\Exceptions->errorHandler(2, 'Undefined prope...', 'C:\\xampp\\htdocs...', 11)
#1 C:\xampp\htdocs\atividadedelta\system\View\View.php(220): include('C:\\xampp\\htdocs...')
#2 C:\xampp\htdocs\atividadedelta\system\View\View.php(222): CodeIgniter\View\View->CodeIgniter\View\{closure}()
#3 C:\xampp\htdocs\atividadedelta\system\Common.php(1217): CodeIgniter\View\View->render('alunos', Array, true)
#4 C:\xampp\htdocs\atividadedelta\app\Controllers\Alunos.php(14): view('alunos', Array)
#5 C:\xampp\htdocs\atividadedelta\system\CodeIgniter.php(936): App\Controllers\Alunos->index()
#6 C:\xampp\htdocs\atividadedelta\system\CodeIgniter.php(432): CodeIgniter\CodeIgniter->runController(Object(App\Controllers\Alunos))
#7 C:\xampp\htdocs\atividadedelta\system\CodeIgniter.php(333): CodeIgniter\CodeIgniter->handleRequest(NULL, Object(Config\Cache), false)
#8 C:\xampp\htdocs\atividadedelta\public\index.php(44): CodeIgniter\CodeIgniter->run()
#9 {main}
CRITICAL - 2021-04-22 16:54:39 --> Undefined property: stdClass::$id
#0 C:\xampp\htdocs\atividadedelta\app\Views\alunos.php(11): CodeIgniter\Debug\Exceptions->errorHandler(2, 'Undefined prope...', 'C:\\xampp\\htdocs...', 11)
#1 C:\xampp\htdocs\atividadedelta\system\View\View.php(220): include('C:\\xampp\\htdocs...')
#2 C:\xampp\htdocs\atividadedelta\system\View\View.php(222): CodeIgniter\View\View->CodeIgniter\View\{closure}()
#3 C:\xampp\htdocs\atividadedelta\system\Common.php(1217): CodeIgniter\View\View->render('alunos', Array, true)
#4 C:\xampp\htdocs\atividadedelta\app\Controllers\Alunos.php(14): view('alunos', Array)
#5 C:\xampp\htdocs\atividadedelta\system\CodeIgniter.php(936): App\Controllers\Alunos->index()
#6 C:\xampp\htdocs\atividadedelta\system\CodeIgniter.php(432): CodeIgniter\CodeIgniter->runController(Object(App\Controllers\Alunos))
#7 C:\xampp\htdocs\atividadedelta\system\CodeIgniter.php(333): CodeIgniter\CodeIgniter->handleRequest(NULL, Object(Config\Cache), false)
#8 C:\xampp\htdocs\atividadedelta\public\index.php(44): CodeIgniter\CodeIgniter->run()
#9 {main}
CRITICAL - 2021-04-22 16:55:24 --> Undefined property: stdClass::$id
#0 C:\xampp\htdocs\atividadedelta\app\Views\alunos.php(11): CodeIgniter\Debug\Exceptions->errorHandler(2, 'Undefined prope...', 'C:\\xampp\\htdocs...', 11)
#1 C:\xampp\htdocs\atividadedelta\system\View\View.php(220): include('C:\\xampp\\htdocs...')
#2 C:\xampp\htdocs\atividadedelta\system\View\View.php(222): CodeIgniter\View\View->CodeIgniter\View\{closure}()
#3 C:\xampp\htdocs\atividadedelta\system\Common.php(1217): CodeIgniter\View\View->render('alunos', Array, true)
#4 C:\xampp\htdocs\atividadedelta\app\Controllers\Alunos.php(14): view('alunos', Array)
#5 C:\xampp\htdocs\atividadedelta\system\CodeIgniter.php(936): App\Controllers\Alunos->index()
#6 C:\xampp\htdocs\atividadedelta\system\CodeIgniter.php(432): CodeIgniter\CodeIgniter->runController(Object(App\Controllers\Alunos))
#7 C:\xampp\htdocs\atividadedelta\system\CodeIgniter.php(333): CodeIgniter\CodeIgniter->handleRequest(NULL, Object(Config\Cache), false)
#8 C:\xampp\htdocs\atividadedelta\public\index.php(44): CodeIgniter\CodeIgniter->run()
#9 {main}
CRITICAL - 2021-04-22 16:55:29 --> Undefined property: stdClass::$id
#0 C:\xampp\htdocs\atividadedelta\app\Views\alunos.php(11): CodeIgniter\Debug\Exceptions->errorHandler(2, 'Undefined prope...', 'C:\\xampp\\htdocs...', 11)
#1 C:\xampp\htdocs\atividadedelta\system\View\View.php(220): include('C:\\xampp\\htdocs...')
#2 C:\xampp\htdocs\atividadedelta\system\View\View.php(222): CodeIgniter\View\View->CodeIgniter\View\{closure}()
#3 C:\xampp\htdocs\atividadedelta\system\Common.php(1217): CodeIgniter\View\View->render('alunos', Array, true)
#4 C:\xampp\htdocs\atividadedelta\app\Controllers\Alunos.php(14): view('alunos', Array)
#5 C:\xampp\htdocs\atividadedelta\system\CodeIgniter.php(936): App\Controllers\Alunos->index()
#6 C:\xampp\htdocs\atividadedelta\system\CodeIgniter.php(432): CodeIgniter\CodeIgniter->runController(Object(App\Controllers\Alunos))
#7 C:\xampp\htdocs\atividadedelta\system\CodeIgniter.php(333): CodeIgniter\CodeIgniter->handleRequest(NULL, Object(Config\Cache), false)
#8 C:\xampp\htdocs\atividadedelta\public\index.php(44): CodeIgniter\CodeIgniter->run()
#9 {main}
CRITICAL - 2021-04-22 17:00:17 --> Undefined property: stdClass::$id
#0 C:\xampp\htdocs\atividadedelta\app\Views\alunos.php(14): CodeIgniter\Debug\Exceptions->errorHandler(2, 'Undefined prope...', 'C:\\xampp\\htdocs...', 14)
#1 C:\xampp\htdocs\atividadedelta\system\View\View.php(220): include('C:\\xampp\\htdocs...')
#2 C:\xampp\htdocs\atividadedelta\system\View\View.php(222): CodeIgniter\View\View->CodeIgniter\View\{closure}()
#3 C:\xampp\htdocs\atividadedelta\system\Common.php(1217): CodeIgniter\View\View->render('alunos', Array, true)
#4 C:\xampp\htdocs\atividadedelta\app\Controllers\Alunos.php(14): view('alunos', Array)
#5 C:\xampp\htdocs\atividadedelta\system\CodeIgniter.php(936): App\Controllers\Alunos->index()
#6 C:\xampp\htdocs\atividadedelta\system\CodeIgniter.php(432): CodeIgniter\CodeIgniter->runController(Object(App\Controllers\Alunos))
#7 C:\xampp\htdocs\atividadedelta\system\CodeIgniter.php(333): CodeIgniter\CodeIgniter->handleRequest(NULL, Object(Config\Cache), false)
#8 C:\xampp\htdocs\atividadedelta\public\index.php(44): CodeIgniter\CodeIgniter->run()
#9 {main}
CRITICAL - 2021-04-22 17:15:36 --> Call to undefined method stdClass::set()
#0 C:\xampp\htdocs\atividadedelta\system\CodeIgniter.php(936): App\Controllers\Alunos->editar('1')
#1 C:\xampp\htdocs\atividadedelta\system\CodeIgniter.php(432): CodeIgniter\CodeIgniter->runController(Object(App\Controllers\Alunos))
#2 C:\xampp\htdocs\atividadedelta\system\CodeIgniter.php(333): CodeIgniter\CodeIgniter->handleRequest(NULL, Object(Config\Cache), false)
#3 C:\xampp\htdocs\atividadedelta\public\index.php(44): CodeIgniter\CodeIgniter->run()
#4 {main}
CRITICAL - 2021-04-22 17:43:16 --> Undefined variable $titulo
#0 C:\xampp\htdocs\atividadedelta\app\Views\alunos.php(1): CodeIgniter\Debug\Exceptions->errorHandler(2, 'Undefined varia...', 'C:\\xampp\\htdocs...', 1)
#1 C:\xampp\htdocs\atividadedelta\system\View\View.php(220): include('C:\\xampp\\htdocs...')
#2 C:\xampp\htdocs\atividadedelta\system\View\View.php(222): CodeIgniter\View\View->CodeIgniter\View\{closure}()
#3 C:\xampp\htdocs\atividadedelta\system\Common.php(1217): CodeIgniter\View\View->render('alunos', Array, true)
#4 C:\xampp\htdocs\atividadedelta\app\Controllers\Alunos.php(75): view('alunos')
#5 C:\xampp\htdocs\atividadedelta\system\CodeIgniter.php(936): App\Controllers\Alunos->excluir()
#6 C:\xampp\htdocs\atividadedelta\system\CodeIgniter.php(432): CodeIgniter\CodeIgniter->runController(Object(App\Controllers\Alunos))
#7 C:\xampp\htdocs\atividadedelta\system\CodeIgniter.php(333): CodeIgniter\CodeIgniter->handleRequest(NULL, Object(Config\Cache), false)
#8 C:\xampp\htdocs\atividadedelta\public\index.php(44): CodeIgniter\CodeIgniter->run()
#9 {main}
CRITICAL - 2021-04-22 20:17:12 --> Undefined property: App\Controllers\Alunos::$load
#0 C:\xampp\htdocs\atividadedelta\app\Controllers\Alunos.php(47): CodeIgniter\Debug\Exceptions->errorHandler(2, 'Undefined prope...', 'C:\\xampp\\htdocs...', 47)
#1 C:\xampp\htdocs\atividadedelta\system\CodeIgniter.php(936): App\Controllers\Alunos->inserir()
#2 C:\xampp\htdocs\atividadedelta\system\CodeIgniter.php(432): CodeIgniter\CodeIgniter->runController(Object(App\Controllers\Alunos))
#3 C:\xampp\htdocs\atividadedelta\system\CodeIgniter.php(333): CodeIgniter\CodeIgniter->handleRequest(NULL, Object(Config\Cache), false)
#4 C:\xampp\htdocs\atividadedelta\public\index.php(44): CodeIgniter\CodeIgniter->run()
#5 {main}
CRITICAL - 2021-04-22 20:18:53 --> Undefined property: App\Controllers\Alunos::$load
#0 C:\xampp\htdocs\atividadedelta\app\Controllers\Alunos.php(47): CodeIgniter\Debug\Exceptions->errorHandler(2, 'Undefined prope...', 'C:\\xampp\\htdocs...', 47)
#1 C:\xampp\htdocs\atividadedelta\system\CodeIgniter.php(936): App\Controllers\Alunos->inserir()
#2 C:\xampp\htdocs\atividadedelta\system\CodeIgniter.php(432): CodeIgniter\CodeIgniter->runController(Object(App\Controllers\Alunos))
#3 C:\xampp\htdocs\atividadedelta\system\CodeIgniter.php(333): CodeIgniter\CodeIgniter->handleRequest(NULL, Object(Config\Cache), false)
#4 C:\xampp\htdocs\atividadedelta\public\index.php(44): CodeIgniter\CodeIgniter->run()
#5 {main}
CRITICAL - 2021-04-22 20:23:22 --> Undefined property: App\Controllers\Alunos::$load
#0 C:\xampp\htdocs\atividadedelta\app\Controllers\Alunos.php(48): CodeIgniter\Debug\Exceptions->errorHandler(2, 'Undefined prope...', 'C:\\xampp\\htdocs...', 48)
#1 C:\xampp\htdocs\atividadedelta\system\CodeIgniter.php(936): App\Controllers\Alunos->inserir()
#2 C:\xampp\htdocs\atividadedelta\system\CodeIgniter.php(432): CodeIgniter\CodeIgniter->runController(Object(App\Controllers\Alunos))
#3 C:\xampp\htdocs\atividadedelta\system\CodeIgniter.php(333): CodeIgniter\CodeIgniter->handleRequest(NULL, Object(Config\Cache), false)
#4 C:\xampp\htdocs\atividadedelta\public\index.php(44): CodeIgniter\CodeIgniter->run()
#5 {main}
CRITICAL - 2021-04-22 20:26:17 --> Undefined property: App\Controllers\Alunos::$load
#0 C:\xampp\htdocs\atividadedelta\app\Controllers\Alunos.php(48): CodeIgniter\Debug\Exceptions->errorHandler(2, 'Undefined prope...', 'C:\\xampp\\htdocs...', 48)
#1 C:\xampp\htdocs\atividadedelta\system\CodeIgniter.php(936): App\Controllers\Alunos->inserir()
#2 C:\xampp\htdocs\atividadedelta\system\CodeIgniter.php(432): CodeIgniter\CodeIgniter->runController(Object(App\Controllers\Alunos))
#3 C:\xampp\htdocs\atividadedelta\system\CodeIgniter.php(333): CodeIgniter\CodeIgniter->handleRequest(NULL, Object(Config\Cache), false)
#4 C:\xampp\htdocs\atividadedelta\public\index.php(44): CodeIgniter\CodeIgniter->run()
#5 {main}
CRITICAL - 2021-04-22 20:33:48 --> Call to a member function isValid() on array
#0 C:\xampp\htdocs\atividadedelta\system\CodeIgniter.php(936): App\Controllers\Alunos->inserir()
#1 C:\xampp\htdocs\atividadedelta\system\CodeIgniter.php(432): CodeIgniter\CodeIgniter->runController(Object(App\Controllers\Alunos))
#2 C:\xampp\htdocs\atividadedelta\system\CodeIgniter.php(333): CodeIgniter\CodeIgniter->handleRequest(NULL, Object(Config\Cache), false)
#3 C:\xampp\htdocs\atividadedelta\public\index.php(44): CodeIgniter\CodeIgniter->run()
#4 {main}
CRITICAL - 2021-04-22 20:35:47 --> Call to a member function isValid() on array
#0 C:\xampp\htdocs\atividadedelta\system\CodeIgniter.php(936): App\Controllers\Alunos->inserir()
#1 C:\xampp\htdocs\atividadedelta\system\CodeIgniter.php(432): CodeIgniter\CodeIgniter->runController(Object(App\Controllers\Alunos))
#2 C:\xampp\htdocs\atividadedelta\system\CodeIgniter.php(333): CodeIgniter\CodeIgniter->handleRequest(NULL, Object(Config\Cache), false)
#3 C:\xampp\htdocs\atividadedelta\public\index.php(44): CodeIgniter\CodeIgniter->run()
#4 {main}
CRITICAL - 2021-04-22 20:37:26 --> Call to a member function isValid() on array
#0 C:\xampp\htdocs\atividadedelta\system\CodeIgniter.php(936): App\Controllers\Alunos->inserir()
#1 C:\xampp\htdocs\atividadedelta\system\CodeIgniter.php(432): CodeIgniter\CodeIgniter->runController(Object(App\Controllers\Alunos))
#2 C:\xampp\htdocs\atividadedelta\system\CodeIgniter.php(333): CodeIgniter\CodeIgniter->handleRequest(NULL, Object(Config\Cache), false)
#3 C:\xampp\htdocs\atividadedelta\public\index.php(44): CodeIgniter\CodeIgniter->run()
#4 {main}
CRITICAL - 2021-04-22 20:44:54 --> Call to a member function isValid() on array
#0 C:\xampp\htdocs\atividadedelta\system\CodeIgniter.php(936): App\Controllers\Alunos->inserir()
#1 C:\xampp\htdocs\atividadedelta\system\CodeIgniter.php(432): CodeIgniter\CodeIgniter->runController(Object(App\Controllers\Alunos))
#2 C:\xampp\htdocs\atividadedelta\system\CodeIgniter.php(333): CodeIgniter\CodeIgniter->handleRequest(NULL, Object(Config\Cache), false)
#3 C:\xampp\htdocs\atividadedelta\public\index.php(44): CodeIgniter\CodeIgniter->run()
#4 {main}
CRITICAL - 2021-04-22 20:50:09 --> Call to a member function getRandomName() on array
#0 C:\xampp\htdocs\atividadedelta\system\CodeIgniter.php(936): App\Controllers\Alunos->inserir()
#1 C:\xampp\htdocs\atividadedelta\system\CodeIgniter.php(432): CodeIgniter\CodeIgniter->runController(Object(App\Controllers\Alunos))
#2 C:\xampp\htdocs\atividadedelta\system\CodeIgniter.php(333): CodeIgniter\CodeIgniter->handleRequest(NULL, Object(Config\Cache), false)
#3 C:\xampp\htdocs\atividadedelta\public\index.php(44): CodeIgniter\CodeIgniter->run()
#4 {main}
CRITICAL - 2021-04-22 20:50:31 --> Undefined property: App\Controllers\Alunos::$file
#0 C:\xampp\htdocs\atividadedelta\app\Controllers\Alunos.php(41): CodeIgniter\Debug\Exceptions->errorHandler(2, 'Undefined prope...', 'C:\\xampp\\htdocs...', 41)
#1 C:\xampp\htdocs\atividadedelta\system\CodeIgniter.php(936): App\Controllers\Alunos->inserir()
#2 C:\xampp\htdocs\atividadedelta\system\CodeIgniter.php(432): CodeIgniter\CodeIgniter->runController(Object(App\Controllers\Alunos))
#3 C:\xampp\htdocs\atividadedelta\system\CodeIgniter.php(333): CodeIgniter\CodeIgniter->handleRequest(NULL, Object(Config\Cache), false)
#4 C:\xampp\htdocs\atividadedelta\public\index.php(44): CodeIgniter\CodeIgniter->run()
#5 {main}
CRITICAL - 2021-04-22 20:50:49 --> Call to a member function getRandomName() on array
#0 C:\xampp\htdocs\atividadedelta\system\CodeIgniter.php(936): App\Controllers\Alunos->inserir()
#1 C:\xampp\htdocs\atividadedelta\system\CodeIgniter.php(432): CodeIgniter\CodeIgniter->runController(Object(App\Controllers\Alunos))
#2 C:\xampp\htdocs\atividadedelta\system\CodeIgniter.php(333): CodeIgniter\CodeIgniter->handleRequest(NULL, Object(Config\Cache), false)
#3 C:\xampp\htdocs\atividadedelta\public\index.php(44): CodeIgniter\CodeIgniter->run()
#4 {main}
CRITICAL - 2021-04-22 21:06:56 --> The original file is not a valid file.
#0 C:\xampp\htdocs\atividadedelta\system\HTTP\Files\UploadedFile.php(143): CodeIgniter\HTTP\Exceptions\HTTPException::forInvalidFile()
#1 C:\xampp\htdocs\atividadedelta\system\HTTP\Files\UploadedFile.php(379): CodeIgniter\HTTP\Files\UploadedFile->move('C:\\xampp\\htdocs...', 'stan_silva1283....')
#2 C:\xampp\htdocs\atividadedelta\app\Controllers\Alunos.php(42): CodeIgniter\HTTP\Files\UploadedFile->store('atividadedelta/', 'stan_silva1283....')
#3 C:\xampp\htdocs\atividadedelta\system\CodeIgniter.php(936): App\Controllers\Alunos->inserir()
#4 C:\xampp\htdocs\atividadedelta\system\CodeIgniter.php(432): CodeIgniter\CodeIgniter->runController(Object(App\Controllers\Alunos))
#5 C:\xampp\htdocs\atividadedelta\system\CodeIgniter.php(333): CodeIgniter\CodeIgniter->handleRequest(NULL, Object(Config\Cache), false)
#6 C:\xampp\htdocs\atividadedelta\public\index.php(44): CodeIgniter\CodeIgniter->run()
#7 {main}
