CRITICAL - 2021-04-21 16:15:02 --> The framework needs the following extension(s) installed and loaded: {0}.
#0 C:\xampp\htdocs\atividadedelta\system\CodeIgniter.php(224): CodeIgniter\Exceptions\FrameworkException::forMissingExtension('intl')
#1 C:\xampp\htdocs\atividadedelta\system\CodeIgniter.php(172): CodeIgniter\CodeIgniter->resolvePlatformExtensions()
#2 C:\xampp\htdocs\atividadedelta\system\bootstrap.php(159): CodeIgniter\CodeIgniter->initialize()
#3 C:\xampp\htdocs\atividadedelta\public\index.php(35): require('C:\\xampp\\htdocs...')
#4 {main}
CRITICAL - 2021-04-21 16:15:53 --> The framework needs the following extension(s) installed and loaded: {0}.
#0 C:\xampp\htdocs\atividadedelta\system\CodeIgniter.php(224): CodeIgniter\Exceptions\FrameworkException::forMissingExtension('intl')
#1 C:\xampp\htdocs\atividadedelta\system\CodeIgniter.php(172): CodeIgniter\CodeIgniter->resolvePlatformExtensions()
#2 C:\xampp\htdocs\atividadedelta\system\bootstrap.php(159): CodeIgniter\CodeIgniter->initialize()
#3 C:\xampp\htdocs\atividadedelta\public\index.php(35): require('C:\\xampp\\htdocs...')
#4 {main}
CRITICAL - 2021-04-21 16:18:22 --> The framework needs the following extension(s) installed and loaded: {0}.
#0 C:\xampp\htdocs\atividadedelta\system\CodeIgniter.php(224): CodeIgniter\Exceptions\FrameworkException::forMissingExtension('intl')
#1 C:\xampp\htdocs\atividadedelta\system\CodeIgniter.php(172): CodeIgniter\CodeIgniter->resolvePlatformExtensions()
#2 C:\xampp\htdocs\atividadedelta\system\bootstrap.php(159): CodeIgniter\CodeIgniter->initialize()
#3 C:\xampp\htdocs\atividadedelta\public\index.php(35): require('C:\\xampp\\htdocs...')
#4 {main}
CRITICAL - 2021-04-21 13:03:39 --> Undefined variable $teste
#0 C:\xampp\htdocs\atividadedelta\app\Controllers\Home.php(9): CodeIgniter\Debug\Exceptions->errorHandler(2, 'Undefined varia...', 'C:\\xampp\\htdocs...', 9)
#1 C:\xampp\htdocs\atividadedelta\system\CodeIgniter.php(936): App\Controllers\Home->index()
#2 C:\xampp\htdocs\atividadedelta\system\CodeIgniter.php(432): CodeIgniter\CodeIgniter->runController(Object(App\Controllers\Home))
#3 C:\xampp\htdocs\atividadedelta\system\CodeIgniter.php(333): CodeIgniter\CodeIgniter->handleRequest(NULL, Object(Config\Cache), false)
#4 C:\xampp\htdocs\atividadedelta\public\index.php(44): CodeIgniter\CodeIgniter->run()
#5 {main}
CRITICAL - 2021-04-21 13:03:39 --> Undefined variable $teste
#0 C:\xampp\htdocs\atividadedelta\app\Controllers\Home.php(9): CodeIgniter\Debug\Exceptions->errorHandler(2, 'Undefined varia...', 'C:\\xampp\\htdocs...', 9)
#1 C:\xampp\htdocs\atividadedelta\system\CodeIgniter.php(936): App\Controllers\Home->index()
#2 C:\xampp\htdocs\atividadedelta\system\CodeIgniter.php(432): CodeIgniter\CodeIgniter->runController(Object(App\Controllers\Home))
#3 C:\xampp\htdocs\atividadedelta\system\CodeIgniter.php(333): CodeIgniter\CodeIgniter->handleRequest(NULL, Object(Config\Cache), false)
#4 C:\xampp\htdocs\atividadedelta\public\index.php(44): CodeIgniter\CodeIgniter->run()
#5 {main}
CRITICAL - 2021-04-21 13:39:51 --> Object of class CodeIgniter\Router\RouteCollection could not be converted to string
#0 C:\xampp\htdocs\atividadedelta\system\CodeIgniter.php(803): require()
#1 C:\xampp\htdocs\atividadedelta\system\CodeIgniter.php(385): CodeIgniter\CodeIgniter->tryToRouteIt(Object(CodeIgniter\Router\RouteCollection))
#2 C:\xampp\htdocs\atividadedelta\system\CodeIgniter.php(333): CodeIgniter\CodeIgniter->handleRequest(NULL, Object(Config\Cache), false)
#3 C:\xampp\htdocs\atividadedelta\public\index.php(44): CodeIgniter\CodeIgniter->run()
#4 {main}
CRITICAL - 2021-04-21 13:57:36 --> Undefined variable $titulo
#0 C:\xampp\htdocs\atividadedelta\app\Views\menu_index.php(1): CodeIgniter\Debug\Exceptions->errorHandler(2, 'Undefined varia...', 'C:\\xampp\\htdocs...', 1)
#1 C:\xampp\htdocs\atividadedelta\system\View\View.php(220): include('C:\\xampp\\htdocs...')
#2 C:\xampp\htdocs\atividadedelta\system\View\View.php(222): CodeIgniter\View\View->CodeIgniter\View\{closure}()
#3 C:\xampp\htdocs\atividadedelta\system\Common.php(1217): CodeIgniter\View\View->render('menu_index', Array, true)
#4 C:\xampp\htdocs\atividadedelta\app\Controllers\Menu.php(9): view('menu_index')
#5 C:\xampp\htdocs\atividadedelta\system\CodeIgniter.php(936): App\Controllers\Menu->index()
#6 C:\xampp\htdocs\atividadedelta\system\CodeIgniter.php(432): CodeIgniter\CodeIgniter->runController(Object(App\Controllers\Menu))
#7 C:\xampp\htdocs\atividadedelta\system\CodeIgniter.php(333): CodeIgniter\CodeIgniter->handleRequest(NULL, Object(Config\Cache), false)
#8 C:\xampp\htdocs\atividadedelta\public\index.php(44): CodeIgniter\CodeIgniter->run()
#9 {main}
CRITICAL - 2021-04-21 20:07:13 --> Undefined variable $tes
#0 C:\xampp\htdocs\atividadedelta\app\Views\menu_index.php(4): CodeIgniter\Debug\Exceptions->errorHandler(2, 'Undefined varia...', 'C:\\xampp\\htdocs...', 4)
#1 C:\xampp\htdocs\atividadedelta\system\View\View.php(220): include('C:\\xampp\\htdocs...')
#2 C:\xampp\htdocs\atividadedelta\system\View\View.php(222): CodeIgniter\View\View->CodeIgniter\View\{closure}()
#3 C:\xampp\htdocs\atividadedelta\system\Common.php(1217): CodeIgniter\View\View->render('menu_index', Array, true)
#4 C:\xampp\htdocs\atividadedelta\app\Controllers\Menu.php(10): view('menu_index', Array)
#5 C:\xampp\htdocs\atividadedelta\system\CodeIgniter.php(936): App\Controllers\Menu->index()
#6 C:\xampp\htdocs\atividadedelta\system\CodeIgniter.php(432): CodeIgniter\CodeIgniter->runController(Object(App\Controllers\Menu))
#7 C:\xampp\htdocs\atividadedelta\system\CodeIgniter.php(333): CodeIgniter\CodeIgniter->handleRequest(NULL, Object(Config\Cache), false)
#8 C:\xampp\htdocs\atividadedelta\public\index.php(44): CodeIgniter\CodeIgniter->run()
#9 {main}
CRITICAL - 2021-04-21 20:14:03 --> Undefined variable $tes
#0 C:\xampp\htdocs\atividadedelta\app\Views\menu_index.php(4): CodeIgniter\Debug\Exceptions->errorHandler(2, 'Undefined varia...', 'C:\\xampp\\htdocs...', 4)
#1 C:\xampp\htdocs\atividadedelta\system\View\View.php(220): include('C:\\xampp\\htdocs...')
#2 C:\xampp\htdocs\atividadedelta\system\View\View.php(222): CodeIgniter\View\View->CodeIgniter\View\{closure}()
#3 C:\xampp\htdocs\atividadedelta\system\Common.php(1217): CodeIgniter\View\View->render('menu_index', Array, true)
#4 C:\xampp\htdocs\atividadedelta\app\Controllers\Menu.php(10): view('menu_index', Array)
#5 C:\xampp\htdocs\atividadedelta\system\CodeIgniter.php(936): App\Controllers\Menu->index()
#6 C:\xampp\htdocs\atividadedelta\system\CodeIgniter.php(432): CodeIgniter\CodeIgniter->runController(Object(App\Controllers\Menu))
#7 C:\xampp\htdocs\atividadedelta\system\CodeIgniter.php(333): CodeIgniter\CodeIgniter->handleRequest(NULL, Object(Config\Cache), false)
#8 C:\xampp\htdocs\atividadedelta\public\index.php(44): CodeIgniter\CodeIgniter->run()
#9 {main}
CRITICAL - 2021-04-21 21:21:56 --> Undefined variable $request
#0 C:\xampp\htdocs\atividadedelta\app\Controllers\Alunos.php(16): CodeIgniter\Debug\Exceptions->errorHandler(2, 'Undefined varia...', 'C:\\xampp\\htdocs...', 16)
#1 C:\xampp\htdocs\atividadedelta\system\CodeIgniter.php(936): App\Controllers\Alunos->inserir()
#2 C:\xampp\htdocs\atividadedelta\system\CodeIgniter.php(432): CodeIgniter\CodeIgniter->runController(Object(App\Controllers\Alunos))
#3 C:\xampp\htdocs\atividadedelta\system\CodeIgniter.php(333): CodeIgniter\CodeIgniter->handleRequest(NULL, Object(Config\Cache), false)
#4 C:\xampp\htdocs\atividadedelta\public\index.php(44): CodeIgniter\CodeIgniter->run()
#5 {main}
CRITICAL - 2021-04-21 21:22:17 --> Undefined variable $request
#0 C:\xampp\htdocs\atividadedelta\app\Controllers\Alunos.php(18): CodeIgniter\Debug\Exceptions->errorHandler(2, 'Undefined varia...', 'C:\\xampp\\htdocs...', 18)
#1 C:\xampp\htdocs\atividadedelta\system\CodeIgniter.php(936): App\Controllers\Alunos->inserir()
#2 C:\xampp\htdocs\atividadedelta\system\CodeIgniter.php(432): CodeIgniter\CodeIgniter->runController(Object(App\Controllers\Alunos))
#3 C:\xampp\htdocs\atividadedelta\system\CodeIgniter.php(333): CodeIgniter\CodeIgniter->handleRequest(NULL, Object(Config\Cache), false)
#4 C:\xampp\htdocs\atividadedelta\public\index.php(44): CodeIgniter\CodeIgniter->run()
#5 {main}
CRITICAL - 2021-04-21 21:22:38 --> Undefined variable $tes
#0 C:\xampp\htdocs\atividadedelta\app\Controllers\Alunos.php(18): CodeIgniter\Debug\Exceptions->errorHandler(2, 'Undefined varia...', 'C:\\xampp\\htdocs...', 18)
#1 C:\xampp\htdocs\atividadedelta\system\CodeIgniter.php(936): App\Controllers\Alunos->inserir()
#2 C:\xampp\htdocs\atividadedelta\system\CodeIgniter.php(432): CodeIgniter\CodeIgniter->runController(Object(App\Controllers\Alunos))
#3 C:\xampp\htdocs\atividadedelta\system\CodeIgniter.php(333): CodeIgniter\CodeIgniter->handleRequest(NULL, Object(Config\Cache), false)
#4 C:\xampp\htdocs\atividadedelta\public\index.php(44): CodeIgniter\CodeIgniter->run()
#5 {main}
CRITICAL - 2021-04-21 21:22:40 --> Undefined variable $tes
#0 C:\xampp\htdocs\atividadedelta\app\Controllers\Alunos.php(18): CodeIgniter\Debug\Exceptions->errorHandler(2, 'Undefined varia...', 'C:\\xampp\\htdocs...', 18)
#1 C:\xampp\htdocs\atividadedelta\system\CodeIgniter.php(936): App\Controllers\Alunos->inserir()
#2 C:\xampp\htdocs\atividadedelta\system\CodeIgniter.php(432): CodeIgniter\CodeIgniter->runController(Object(App\Controllers\Alunos))
#3 C:\xampp\htdocs\atividadedelta\system\CodeIgniter.php(333): CodeIgniter\CodeIgniter->handleRequest(NULL, Object(Config\Cache), false)
#4 C:\xampp\htdocs\atividadedelta\public\index.php(44): CodeIgniter\CodeIgniter->run()
#5 {main}
CRITICAL - 2021-04-21 21:23:00 --> Undefined variable $tes
#0 C:\xampp\htdocs\atividadedelta\app\Controllers\Alunos.php(18): CodeIgniter\Debug\Exceptions->errorHandler(2, 'Undefined varia...', 'C:\\xampp\\htdocs...', 18)
#1 C:\xampp\htdocs\atividadedelta\system\CodeIgniter.php(936): App\Controllers\Alunos->inserir()
#2 C:\xampp\htdocs\atividadedelta\system\CodeIgniter.php(432): CodeIgniter\CodeIgniter->runController(Object(App\Controllers\Alunos))
#3 C:\xampp\htdocs\atividadedelta\system\CodeIgniter.php(333): CodeIgniter\CodeIgniter->handleRequest(NULL, Object(Config\Cache), false)
#4 C:\xampp\htdocs\atividadedelta\public\index.php(44): CodeIgniter\CodeIgniter->run()
#5 {main}
CRITICAL - 2021-04-21 21:23:22 --> Undefined variable $request
#0 C:\xampp\htdocs\atividadedelta\app\Controllers\Alunos.php(17): CodeIgniter\Debug\Exceptions->errorHandler(2, 'Undefined varia...', 'C:\\xampp\\htdocs...', 17)
#1 C:\xampp\htdocs\atividadedelta\system\CodeIgniter.php(936): App\Controllers\Alunos->inserir()
#2 C:\xampp\htdocs\atividadedelta\system\CodeIgniter.php(432): CodeIgniter\CodeIgniter->runController(Object(App\Controllers\Alunos))
#3 C:\xampp\htdocs\atividadedelta\system\CodeIgniter.php(333): CodeIgniter\CodeIgniter->handleRequest(NULL, Object(Config\Cache), false)
#4 C:\xampp\htdocs\atividadedelta\public\index.php(44): CodeIgniter\CodeIgniter->run()
#5 {main}
CRITICAL - 2021-04-21 21:30:02 --> Undefined property: CodeIgniter\HTTP\IncomingRequest::$getMethod
#0 C:\xampp\htdocs\atividadedelta\app\Controllers\Alunos.php(20): CodeIgniter\Debug\Exceptions->errorHandler(2, 'Undefined prope...', 'C:\\xampp\\htdocs...', 20)
#1 C:\xampp\htdocs\atividadedelta\system\CodeIgniter.php(936): App\Controllers\Alunos->inserir()
#2 C:\xampp\htdocs\atividadedelta\system\CodeIgniter.php(432): CodeIgniter\CodeIgniter->runController(Object(App\Controllers\Alunos))
#3 C:\xampp\htdocs\atividadedelta\system\CodeIgniter.php(333): CodeIgniter\CodeIgniter->handleRequest(NULL, Object(Config\Cache), false)
#4 C:\xampp\htdocs\atividadedelta\public\index.php(44): CodeIgniter\CodeIgniter->run()
#5 {main}
