CRITICAL - 2021-04-25 10:03:14 --> Attempt to read property "imgaluno" on null
#0 C:\xampp\htdocs\atividadedelta\app\Views\alunos_form.php(19): CodeIgniter\Debug\Exceptions->errorHandler(2, 'Attempt to read...', 'C:\\xampp\\htdocs...', 19)
#1 C:\xampp\htdocs\atividadedelta\system\View\View.php(220): include('C:\\xampp\\htdocs...')
#2 C:\xampp\htdocs\atividadedelta\system\View\View.php(222): CodeIgniter\View\View->CodeIgniter\View\{closure}()
#3 C:\xampp\htdocs\atividadedelta\system\Common.php(1217): CodeIgniter\View\View->render('alunos_form', Array, true)
#4 C:\xampp\htdocs\atividadedelta\app\Controllers\Alunos.php(26): view('alunos_form', Array)
#5 C:\xampp\htdocs\atividadedelta\system\CodeIgniter.php(936): App\Controllers\Alunos->inserir()
#6 C:\xampp\htdocs\atividadedelta\system\CodeIgniter.php(432): CodeIgniter\CodeIgniter->runController(Object(App\Controllers\Alunos))
#7 C:\xampp\htdocs\atividadedelta\system\CodeIgniter.php(333): CodeIgniter\CodeIgniter->handleRequest(NULL, Object(Config\Cache), false)
#8 C:\xampp\htdocs\atividadedelta\public\index.php(44): CodeIgniter\CodeIgniter->run()
#9 {main}
CRITICAL - 2021-04-25 13:34:09 --> Invalid file: http://atividadedeltastansilvateste.000webhostapp.com/menu.php
#0 C:\xampp\htdocs\atividadedelta\system\View\View.php(203): CodeIgniter\Exceptions\FrameworkException::forInvalidFile('http://atividad...')
#1 C:\xampp\htdocs\atividadedelta\system\Common.php(1217): CodeIgniter\View\View->render('http://atividad...', Array, true)
#2 C:\xampp\htdocs\atividadedelta\app\Controllers\Home.php(9): view('http://atividad...')
#3 C:\xampp\htdocs\atividadedelta\system\CodeIgniter.php(936): App\Controllers\Home->index()
#4 C:\xampp\htdocs\atividadedelta\system\CodeIgniter.php(432): CodeIgniter\CodeIgniter->runController(Object(App\Controllers\Home))
#5 C:\xampp\htdocs\atividadedelta\system\CodeIgniter.php(333): CodeIgniter\CodeIgniter->handleRequest(NULL, Object(Config\Cache), false)
#6 C:\xampp\htdocs\atividadedelta\public\index.php(44): CodeIgniter\CodeIgniter->run()
#7 {main}
CRITICAL - 2021-04-25 13:58:47 --> Undefined variable $titulo
#0 C:\xampp\htdocs\atividadedelta\app\Views\menu_index.php(1): CodeIgniter\Debug\Exceptions->errorHandler(2, 'Undefined varia...', 'C:\\xampp\\htdocs...', 1)
#1 C:\xampp\htdocs\atividadedelta\system\View\View.php(220): include('C:\\xampp\\htdocs...')
#2 C:\xampp\htdocs\atividadedelta\system\View\View.php(222): CodeIgniter\View\View->CodeIgniter\View\{closure}()
#3 C:\xampp\htdocs\atividadedelta\system\Common.php(1217): CodeIgniter\View\View->render('menu_index', Array, true)
#4 C:\xampp\htdocs\atividadedelta\app\Controllers\Home.php(9): view('menu_index')
#5 C:\xampp\htdocs\atividadedelta\system\CodeIgniter.php(936): App\Controllers\Home->index()
#6 C:\xampp\htdocs\atividadedelta\system\CodeIgniter.php(432): CodeIgniter\CodeIgniter->runController(Object(App\Controllers\Home))
#7 C:\xampp\htdocs\atividadedelta\system\CodeIgniter.php(333): CodeIgniter\CodeIgniter->handleRequest(NULL, Object(Config\Cache), false)
#8 C:\xampp\htdocs\atividadedelta\public\index.php(44): CodeIgniter\CodeIgniter->run()
#9 {main}
CRITICAL - 2021-04-25 13:59:28 --> Undefined variable $titulo
#0 C:\xampp\htdocs\atividadedelta\app\Views\menu_index.php(1): CodeIgniter\Debug\Exceptions->errorHandler(2, 'Undefined varia...', 'C:\\xampp\\htdocs...', 1)
#1 C:\xampp\htdocs\atividadedelta\system\View\View.php(220): include('C:\\xampp\\htdocs...')
#2 C:\xampp\htdocs\atividadedelta\system\View\View.php(222): CodeIgniter\View\View->CodeIgniter\View\{closure}()
#3 C:\xampp\htdocs\atividadedelta\system\Common.php(1217): CodeIgniter\View\View->render('menu_index', Array, true)
#4 C:\xampp\htdocs\atividadedelta\app\Controllers\Home.php(9): view('menu_index')
#5 C:\xampp\htdocs\atividadedelta\system\CodeIgniter.php(936): App\Controllers\Home->index()
#6 C:\xampp\htdocs\atividadedelta\system\CodeIgniter.php(432): CodeIgniter\CodeIgniter->runController(Object(App\Controllers\Home))
#7 C:\xampp\htdocs\atividadedelta\system\CodeIgniter.php(333): CodeIgniter\CodeIgniter->handleRequest(NULL, Object(Config\Cache), false)
#8 C:\xampp\htdocs\atividadedelta\public\index.php(44): CodeIgniter\CodeIgniter->run()
#9 {main}
CRITICAL - 2021-04-25 14:03:52 --> Undefined variable $titulo
#0 C:\xampp\htdocs\atividadedelta\app\Views\menu_index.php(1): CodeIgniter\Debug\Exceptions->errorHandler(2, 'Undefined varia...', 'C:\\xampp\\htdocs...', 1)
#1 C:\xampp\htdocs\atividadedelta\system\View\View.php(220): include('C:\\xampp\\htdocs...')
#2 C:\xampp\htdocs\atividadedelta\system\View\View.php(222): CodeIgniter\View\View->CodeIgniter\View\{closure}()
#3 C:\xampp\htdocs\atividadedelta\system\Common.php(1217): CodeIgniter\View\View->render('menu_index', Array, true)
#4 C:\xampp\htdocs\atividadedelta\app\Controllers\Home.php(9): view('menu_index')
#5 C:\xampp\htdocs\atividadedelta\system\CodeIgniter.php(936): App\Controllers\Home->index()
#6 C:\xampp\htdocs\atividadedelta\system\CodeIgniter.php(432): CodeIgniter\CodeIgniter->runController(Object(App\Controllers\Home))
#7 C:\xampp\htdocs\atividadedelta\system\CodeIgniter.php(333): CodeIgniter\CodeIgniter->handleRequest(NULL, Object(Config\Cache), false)
#8 C:\xampp\htdocs\atividadedelta\public\index.php(44): CodeIgniter\CodeIgniter->run()
#9 {main}
CRITICAL - 2021-04-25 14:03:55 --> Undefined variable $titulo
#0 C:\xampp\htdocs\atividadedelta\app\Views\menu_index.php(1): CodeIgniter\Debug\Exceptions->errorHandler(2, 'Undefined varia...', 'C:\\xampp\\htdocs...', 1)
#1 C:\xampp\htdocs\atividadedelta\system\View\View.php(220): include('C:\\xampp\\htdocs...')
#2 C:\xampp\htdocs\atividadedelta\system\View\View.php(222): CodeIgniter\View\View->CodeIgniter\View\{closure}()
#3 C:\xampp\htdocs\atividadedelta\system\Common.php(1217): CodeIgniter\View\View->render('menu_index', Array, true)
#4 C:\xampp\htdocs\atividadedelta\app\Controllers\Home.php(9): view('menu_index')
#5 C:\xampp\htdocs\atividadedelta\system\CodeIgniter.php(936): App\Controllers\Home->index()
#6 C:\xampp\htdocs\atividadedelta\system\CodeIgniter.php(432): CodeIgniter\CodeIgniter->runController(Object(App\Controllers\Home))
#7 C:\xampp\htdocs\atividadedelta\system\CodeIgniter.php(333): CodeIgniter\CodeIgniter->handleRequest(NULL, Object(Config\Cache), false)
#8 C:\xampp\htdocs\atividadedelta\public\index.php(44): CodeIgniter\CodeIgniter->run()
#9 {main}
CRITICAL - 2021-04-25 14:04:20 --> Undefined variable $titulo
#0 C:\xampp\htdocs\atividadedelta\app\Views\menu_index.php(1): CodeIgniter\Debug\Exceptions->errorHandler(2, 'Undefined varia...', 'C:\\xampp\\htdocs...', 1)
#1 C:\xampp\htdocs\atividadedelta\system\View\View.php(220): include('C:\\xampp\\htdocs...')
#2 C:\xampp\htdocs\atividadedelta\system\View\View.php(222): CodeIgniter\View\View->CodeIgniter\View\{closure}()
#3 C:\xampp\htdocs\atividadedelta\system\Common.php(1217): CodeIgniter\View\View->render('menu_index', Array, true)
#4 C:\xampp\htdocs\atividadedelta\app\Controllers\Home.php(9): view('menu_index')
#5 C:\xampp\htdocs\atividadedelta\system\CodeIgniter.php(936): App\Controllers\Home->index()
#6 C:\xampp\htdocs\atividadedelta\system\CodeIgniter.php(432): CodeIgniter\CodeIgniter->runController(Object(App\Controllers\Home))
#7 C:\xampp\htdocs\atividadedelta\system\CodeIgniter.php(333): CodeIgniter\CodeIgniter->handleRequest(NULL, Object(Config\Cache), false)
#8 C:\xampp\htdocs\atividadedelta\public\index.php(44): CodeIgniter\CodeIgniter->run()
#9 {main}
CRITICAL - 2021-04-25 14:04:23 --> Undefined variable $titulo
#0 C:\xampp\htdocs\atividadedelta\app\Views\menu_index.php(1): CodeIgniter\Debug\Exceptions->errorHandler(2, 'Undefined varia...', 'C:\\xampp\\htdocs...', 1)
#1 C:\xampp\htdocs\atividadedelta\system\View\View.php(220): include('C:\\xampp\\htdocs...')
#2 C:\xampp\htdocs\atividadedelta\system\View\View.php(222): CodeIgniter\View\View->CodeIgniter\View\{closure}()
#3 C:\xampp\htdocs\atividadedelta\system\Common.php(1217): CodeIgniter\View\View->render('menu_index', Array, true)
#4 C:\xampp\htdocs\atividadedelta\app\Controllers\Home.php(9): view('menu_index')
#5 C:\xampp\htdocs\atividadedelta\system\CodeIgniter.php(936): App\Controllers\Home->index()
#6 C:\xampp\htdocs\atividadedelta\system\CodeIgniter.php(432): CodeIgniter\CodeIgniter->runController(Object(App\Controllers\Home))
#7 C:\xampp\htdocs\atividadedelta\system\CodeIgniter.php(333): CodeIgniter\CodeIgniter->handleRequest(NULL, Object(Config\Cache), false)
#8 C:\xampp\htdocs\atividadedelta\public\index.php(44): CodeIgniter\CodeIgniter->run()
#9 {main}
CRITICAL - 2021-04-25 14:05:55 --> Undefined variable $titulo
#0 C:\xampp\htdocs\atividadedelta\app\Views\menu_header.php(8): CodeIgniter\Debug\Exceptions->errorHandler(2, 'Undefined varia...', 'C:\\xampp\\htdocs...', 8)
#1 C:\xampp\htdocs\atividadedelta\system\View\View.php(220): include('C:\\xampp\\htdocs...')
#2 C:\xampp\htdocs\atividadedelta\system\View\View.php(222): CodeIgniter\View\View->CodeIgniter\View\{closure}()
#3 C:\xampp\htdocs\atividadedelta\system\View\View.php(468): CodeIgniter\View\View->render('menu_header', Array, true)
#4 C:\xampp\htdocs\atividadedelta\app\Views\menu_index.php(2): CodeIgniter\View\View->include('menu_header', Array)
#5 C:\xampp\htdocs\atividadedelta\system\View\View.php(220): include('C:\\xampp\\htdocs...')
#6 C:\xampp\htdocs\atividadedelta\system\View\View.php(222): CodeIgniter\View\View->CodeIgniter\View\{closure}()
#7 C:\xampp\htdocs\atividadedelta\system\Common.php(1217): CodeIgniter\View\View->render('menu_index', Array, true)
#8 C:\xampp\htdocs\atividadedelta\app\Controllers\Home.php(9): view('menu_index')
#9 C:\xampp\htdocs\atividadedelta\system\CodeIgniter.php(936): App\Controllers\Home->index()
#10 C:\xampp\htdocs\atividadedelta\system\CodeIgniter.php(432): CodeIgniter\CodeIgniter->runController(Object(App\Controllers\Home))
#11 C:\xampp\htdocs\atividadedelta\system\CodeIgniter.php(333): CodeIgniter\CodeIgniter->handleRequest(NULL, Object(Config\Cache), false)
#12 C:\xampp\htdocs\atividadedelta\public\index.php(44): CodeIgniter\CodeIgniter->run()
#13 {main}
CRITICAL - 2021-04-25 14:06:28 --> Undefined variable $titulo
#0 C:\xampp\htdocs\atividadedelta\app\Views\menu_header.php(8): CodeIgniter\Debug\Exceptions->errorHandler(2, 'Undefined varia...', 'C:\\xampp\\htdocs...', 8)
#1 C:\xampp\htdocs\atividadedelta\system\View\View.php(220): include('C:\\xampp\\htdocs...')
#2 C:\xampp\htdocs\atividadedelta\system\View\View.php(222): CodeIgniter\View\View->CodeIgniter\View\{closure}()
#3 C:\xampp\htdocs\atividadedelta\system\View\View.php(468): CodeIgniter\View\View->render('menu_header', Array, true)
#4 C:\xampp\htdocs\atividadedelta\app\Views\menu_index.php(2): CodeIgniter\View\View->include('menu_header', Array)
#5 C:\xampp\htdocs\atividadedelta\system\View\View.php(220): include('C:\\xampp\\htdocs...')
#6 C:\xampp\htdocs\atividadedelta\system\View\View.php(222): CodeIgniter\View\View->CodeIgniter\View\{closure}()
#7 C:\xampp\htdocs\atividadedelta\system\Common.php(1217): CodeIgniter\View\View->render('menu_index', Array, true)
#8 C:\xampp\htdocs\atividadedelta\app\Controllers\Home.php(9): view('menu_index')
#9 C:\xampp\htdocs\atividadedelta\system\CodeIgniter.php(936): App\Controllers\Home->index()
#10 C:\xampp\htdocs\atividadedelta\system\CodeIgniter.php(432): CodeIgniter\CodeIgniter->runController(Object(App\Controllers\Home))
#11 C:\xampp\htdocs\atividadedelta\system\CodeIgniter.php(333): CodeIgniter\CodeIgniter->handleRequest(NULL, Object(Config\Cache), false)
#12 C:\xampp\htdocs\atividadedelta\public\index.php(44): CodeIgniter\CodeIgniter->run()
#13 {main}
CRITICAL - 2021-04-25 14:06:30 --> Undefined variable $titulo
#0 C:\xampp\htdocs\atividadedelta\app\Views\menu_header.php(8): CodeIgniter\Debug\Exceptions->errorHandler(2, 'Undefined varia...', 'C:\\xampp\\htdocs...', 8)
#1 C:\xampp\htdocs\atividadedelta\system\View\View.php(220): include('C:\\xampp\\htdocs...')
#2 C:\xampp\htdocs\atividadedelta\system\View\View.php(222): CodeIgniter\View\View->CodeIgniter\View\{closure}()
#3 C:\xampp\htdocs\atividadedelta\system\View\View.php(468): CodeIgniter\View\View->render('menu_header', Array, true)
#4 C:\xampp\htdocs\atividadedelta\app\Views\menu_index.php(2): CodeIgniter\View\View->include('menu_header', Array)
#5 C:\xampp\htdocs\atividadedelta\system\View\View.php(220): include('C:\\xampp\\htdocs...')
#6 C:\xampp\htdocs\atividadedelta\system\View\View.php(222): CodeIgniter\View\View->CodeIgniter\View\{closure}()
#7 C:\xampp\htdocs\atividadedelta\system\Common.php(1217): CodeIgniter\View\View->render('menu_index', Array, true)
#8 C:\xampp\htdocs\atividadedelta\app\Controllers\Home.php(9): view('menu_index')
#9 C:\xampp\htdocs\atividadedelta\system\CodeIgniter.php(936): App\Controllers\Home->index()
#10 C:\xampp\htdocs\atividadedelta\system\CodeIgniter.php(432): CodeIgniter\CodeIgniter->runController(Object(App\Controllers\Home))
#11 C:\xampp\htdocs\atividadedelta\system\CodeIgniter.php(333): CodeIgniter\CodeIgniter->handleRequest(NULL, Object(Config\Cache), false)
#12 C:\xampp\htdocs\atividadedelta\public\index.php(44): CodeIgniter\CodeIgniter->run()
#13 {main}
CRITICAL - 2021-04-25 14:06:31 --> Undefined variable $titulo
#0 C:\xampp\htdocs\atividadedelta\app\Views\menu_header.php(8): CodeIgniter\Debug\Exceptions->errorHandler(2, 'Undefined varia...', 'C:\\xampp\\htdocs...', 8)
#1 C:\xampp\htdocs\atividadedelta\system\View\View.php(220): include('C:\\xampp\\htdocs...')
#2 C:\xampp\htdocs\atividadedelta\system\View\View.php(222): CodeIgniter\View\View->CodeIgniter\View\{closure}()
#3 C:\xampp\htdocs\atividadedelta\system\View\View.php(468): CodeIgniter\View\View->render('menu_header', Array, true)
#4 C:\xampp\htdocs\atividadedelta\app\Views\menu_index.php(2): CodeIgniter\View\View->include('menu_header', Array)
#5 C:\xampp\htdocs\atividadedelta\system\View\View.php(220): include('C:\\xampp\\htdocs...')
#6 C:\xampp\htdocs\atividadedelta\system\View\View.php(222): CodeIgniter\View\View->CodeIgniter\View\{closure}()
#7 C:\xampp\htdocs\atividadedelta\system\Common.php(1217): CodeIgniter\View\View->render('menu_index', Array, true)
#8 C:\xampp\htdocs\atividadedelta\app\Controllers\Home.php(9): view('menu_index')
#9 C:\xampp\htdocs\atividadedelta\system\CodeIgniter.php(936): App\Controllers\Home->index()
#10 C:\xampp\htdocs\atividadedelta\system\CodeIgniter.php(432): CodeIgniter\CodeIgniter->runController(Object(App\Controllers\Home))
#11 C:\xampp\htdocs\atividadedelta\system\CodeIgniter.php(333): CodeIgniter\CodeIgniter->handleRequest(NULL, Object(Config\Cache), false)
#12 C:\xampp\htdocs\atividadedelta\public\index.php(44): CodeIgniter\CodeIgniter->run()
#13 {main}
CRITICAL - 2021-04-25 14:06:31 --> Undefined variable $titulo
#0 C:\xampp\htdocs\atividadedelta\app\Views\menu_header.php(8): CodeIgniter\Debug\Exceptions->errorHandler(2, 'Undefined varia...', 'C:\\xampp\\htdocs...', 8)
#1 C:\xampp\htdocs\atividadedelta\system\View\View.php(220): include('C:\\xampp\\htdocs...')
#2 C:\xampp\htdocs\atividadedelta\system\View\View.php(222): CodeIgniter\View\View->CodeIgniter\View\{closure}()
#3 C:\xampp\htdocs\atividadedelta\system\View\View.php(468): CodeIgniter\View\View->render('menu_header', Array, true)
#4 C:\xampp\htdocs\atividadedelta\app\Views\menu_index.php(2): CodeIgniter\View\View->include('menu_header', Array)
#5 C:\xampp\htdocs\atividadedelta\system\View\View.php(220): include('C:\\xampp\\htdocs...')
#6 C:\xampp\htdocs\atividadedelta\system\View\View.php(222): CodeIgniter\View\View->CodeIgniter\View\{closure}()
#7 C:\xampp\htdocs\atividadedelta\system\Common.php(1217): CodeIgniter\View\View->render('menu_index', Array, true)
#8 C:\xampp\htdocs\atividadedelta\app\Controllers\Home.php(9): view('menu_index')
#9 C:\xampp\htdocs\atividadedelta\system\CodeIgniter.php(936): App\Controllers\Home->index()
#10 C:\xampp\htdocs\atividadedelta\system\CodeIgniter.php(432): CodeIgniter\CodeIgniter->runController(Object(App\Controllers\Home))
#11 C:\xampp\htdocs\atividadedelta\system\CodeIgniter.php(333): CodeIgniter\CodeIgniter->handleRequest(NULL, Object(Config\Cache), false)
#12 C:\xampp\htdocs\atividadedelta\public\index.php(44): CodeIgniter\CodeIgniter->run()
#13 {main}
CRITICAL - 2021-04-25 14:06:31 --> Undefined variable $titulo
#0 C:\xampp\htdocs\atividadedelta\app\Views\menu_header.php(8): CodeIgniter\Debug\Exceptions->errorHandler(2, 'Undefined varia...', 'C:\\xampp\\htdocs...', 8)
#1 C:\xampp\htdocs\atividadedelta\system\View\View.php(220): include('C:\\xampp\\htdocs...')
#2 C:\xampp\htdocs\atividadedelta\system\View\View.php(222): CodeIgniter\View\View->CodeIgniter\View\{closure}()
#3 C:\xampp\htdocs\atividadedelta\system\View\View.php(468): CodeIgniter\View\View->render('menu_header', Array, true)
#4 C:\xampp\htdocs\atividadedelta\app\Views\menu_index.php(2): CodeIgniter\View\View->include('menu_header', Array)
#5 C:\xampp\htdocs\atividadedelta\system\View\View.php(220): include('C:\\xampp\\htdocs...')
#6 C:\xampp\htdocs\atividadedelta\system\View\View.php(222): CodeIgniter\View\View->CodeIgniter\View\{closure}()
#7 C:\xampp\htdocs\atividadedelta\system\Common.php(1217): CodeIgniter\View\View->render('menu_index', Array, true)
#8 C:\xampp\htdocs\atividadedelta\app\Controllers\Home.php(9): view('menu_index')
#9 C:\xampp\htdocs\atividadedelta\system\CodeIgniter.php(936): App\Controllers\Home->index()
#10 C:\xampp\htdocs\atividadedelta\system\CodeIgniter.php(432): CodeIgniter\CodeIgniter->runController(Object(App\Controllers\Home))
#11 C:\xampp\htdocs\atividadedelta\system\CodeIgniter.php(333): CodeIgniter\CodeIgniter->handleRequest(NULL, Object(Config\Cache), false)
#12 C:\xampp\htdocs\atividadedelta\public\index.php(44): CodeIgniter\CodeIgniter->run()
#13 {main}
CRITICAL - 2021-04-25 14:06:32 --> Undefined variable $titulo
#0 C:\xampp\htdocs\atividadedelta\app\Views\menu_header.php(8): CodeIgniter\Debug\Exceptions->errorHandler(2, 'Undefined varia...', 'C:\\xampp\\htdocs...', 8)
#1 C:\xampp\htdocs\atividadedelta\system\View\View.php(220): include('C:\\xampp\\htdocs...')
#2 C:\xampp\htdocs\atividadedelta\system\View\View.php(222): CodeIgniter\View\View->CodeIgniter\View\{closure}()
#3 C:\xampp\htdocs\atividadedelta\system\View\View.php(468): CodeIgniter\View\View->render('menu_header', Array, true)
#4 C:\xampp\htdocs\atividadedelta\app\Views\menu_index.php(2): CodeIgniter\View\View->include('menu_header', Array)
#5 C:\xampp\htdocs\atividadedelta\system\View\View.php(220): include('C:\\xampp\\htdocs...')
#6 C:\xampp\htdocs\atividadedelta\system\View\View.php(222): CodeIgniter\View\View->CodeIgniter\View\{closure}()
#7 C:\xampp\htdocs\atividadedelta\system\Common.php(1217): CodeIgniter\View\View->render('menu_index', Array, true)
#8 C:\xampp\htdocs\atividadedelta\app\Controllers\Home.php(9): view('menu_index')
#9 C:\xampp\htdocs\atividadedelta\system\CodeIgniter.php(936): App\Controllers\Home->index()
#10 C:\xampp\htdocs\atividadedelta\system\CodeIgniter.php(432): CodeIgniter\CodeIgniter->runController(Object(App\Controllers\Home))
#11 C:\xampp\htdocs\atividadedelta\system\CodeIgniter.php(333): CodeIgniter\CodeIgniter->handleRequest(NULL, Object(Config\Cache), false)
#12 C:\xampp\htdocs\atividadedelta\public\index.php(44): CodeIgniter\CodeIgniter->run()
#13 {main}
CRITICAL - 2021-04-25 14:06:32 --> Undefined variable $titulo
#0 C:\xampp\htdocs\atividadedelta\app\Views\menu_header.php(8): CodeIgniter\Debug\Exceptions->errorHandler(2, 'Undefined varia...', 'C:\\xampp\\htdocs...', 8)
#1 C:\xampp\htdocs\atividadedelta\system\View\View.php(220): include('C:\\xampp\\htdocs...')
#2 C:\xampp\htdocs\atividadedelta\system\View\View.php(222): CodeIgniter\View\View->CodeIgniter\View\{closure}()
#3 C:\xampp\htdocs\atividadedelta\system\View\View.php(468): CodeIgniter\View\View->render('menu_header', Array, true)
#4 C:\xampp\htdocs\atividadedelta\app\Views\menu_index.php(2): CodeIgniter\View\View->include('menu_header', Array)
#5 C:\xampp\htdocs\atividadedelta\system\View\View.php(220): include('C:\\xampp\\htdocs...')
#6 C:\xampp\htdocs\atividadedelta\system\View\View.php(222): CodeIgniter\View\View->CodeIgniter\View\{closure}()
#7 C:\xampp\htdocs\atividadedelta\system\Common.php(1217): CodeIgniter\View\View->render('menu_index', Array, true)
#8 C:\xampp\htdocs\atividadedelta\app\Controllers\Home.php(9): view('menu_index')
#9 C:\xampp\htdocs\atividadedelta\system\CodeIgniter.php(936): App\Controllers\Home->index()
#10 C:\xampp\htdocs\atividadedelta\system\CodeIgniter.php(432): CodeIgniter\CodeIgniter->runController(Object(App\Controllers\Home))
#11 C:\xampp\htdocs\atividadedelta\system\CodeIgniter.php(333): CodeIgniter\CodeIgniter->handleRequest(NULL, Object(Config\Cache), false)
#12 C:\xampp\htdocs\atividadedelta\public\index.php(44): CodeIgniter\CodeIgniter->run()
#13 {main}
CRITICAL - 2021-04-25 14:07:20 --> Undefined variable $titulo
#0 C:\xampp\htdocs\atividadedelta\app\Views\menu_index.php(2): CodeIgniter\Debug\Exceptions->errorHandler(2, 'Undefined varia...', 'C:\\xampp\\htdocs...', 2)
#1 C:\xampp\htdocs\atividadedelta\system\View\View.php(220): include('C:\\xampp\\htdocs...')
#2 C:\xampp\htdocs\atividadedelta\system\View\View.php(222): CodeIgniter\View\View->CodeIgniter\View\{closure}()
#3 C:\xampp\htdocs\atividadedelta\system\Common.php(1217): CodeIgniter\View\View->render('menu_index', Array, true)
#4 C:\xampp\htdocs\atividadedelta\app\Controllers\Home.php(9): view('menu_index')
#5 C:\xampp\htdocs\atividadedelta\system\CodeIgniter.php(936): App\Controllers\Home->index()
#6 C:\xampp\htdocs\atividadedelta\system\CodeIgniter.php(432): CodeIgniter\CodeIgniter->runController(Object(App\Controllers\Home))
#7 C:\xampp\htdocs\atividadedelta\system\CodeIgniter.php(333): CodeIgniter\CodeIgniter->handleRequest(NULL, Object(Config\Cache), false)
#8 C:\xampp\htdocs\atividadedelta\public\index.php(44): CodeIgniter\CodeIgniter->run()
#9 {main}
CRITICAL - 2021-04-25 14:07:42 --> Undefined variable $titulo
#0 C:\xampp\htdocs\atividadedelta\app\Views\menu_header.php(8): CodeIgniter\Debug\Exceptions->errorHandler(2, 'Undefined varia...', 'C:\\xampp\\htdocs...', 8)
#1 C:\xampp\htdocs\atividadedelta\system\View\View.php(220): include('C:\\xampp\\htdocs...')
#2 C:\xampp\htdocs\atividadedelta\system\View\View.php(222): CodeIgniter\View\View->CodeIgniter\View\{closure}()
#3 C:\xampp\htdocs\atividadedelta\system\View\View.php(468): CodeIgniter\View\View->render('menu_header', Array, true)
#4 C:\xampp\htdocs\atividadedelta\app\Views\menu_index.php(3): CodeIgniter\View\View->include('menu_header', Array)
#5 C:\xampp\htdocs\atividadedelta\system\View\View.php(220): include('C:\\xampp\\htdocs...')
#6 C:\xampp\htdocs\atividadedelta\system\View\View.php(222): CodeIgniter\View\View->CodeIgniter\View\{closure}()
#7 C:\xampp\htdocs\atividadedelta\system\Common.php(1217): CodeIgniter\View\View->render('menu_index', Array, true)
#8 C:\xampp\htdocs\atividadedelta\app\Controllers\Home.php(9): view('menu_index')
#9 C:\xampp\htdocs\atividadedelta\system\CodeIgniter.php(936): App\Controllers\Home->index()
#10 C:\xampp\htdocs\atividadedelta\system\CodeIgniter.php(432): CodeIgniter\CodeIgniter->runController(Object(App\Controllers\Home))
#11 C:\xampp\htdocs\atividadedelta\system\CodeIgniter.php(333): CodeIgniter\CodeIgniter->handleRequest(NULL, Object(Config\Cache), false)
#12 C:\xampp\htdocs\atividadedelta\public\index.php(44): CodeIgniter\CodeIgniter->run()
#13 {main}
CRITICAL - 2021-04-25 14:07:55 --> Undefined variable $titulo
#0 C:\xampp\htdocs\atividadedelta\app\Views\menu_header.php(8): CodeIgniter\Debug\Exceptions->errorHandler(2, 'Undefined varia...', 'C:\\xampp\\htdocs...', 8)
#1 C:\xampp\htdocs\atividadedelta\system\View\View.php(220): include('C:\\xampp\\htdocs...')
#2 C:\xampp\htdocs\atividadedelta\system\View\View.php(222): CodeIgniter\View\View->CodeIgniter\View\{closure}()
#3 C:\xampp\htdocs\atividadedelta\system\View\View.php(468): CodeIgniter\View\View->render('menu_header', Array, true)
#4 C:\xampp\htdocs\atividadedelta\app\Views\menu_index.php(3): CodeIgniter\View\View->include('menu_header', Array)
#5 C:\xampp\htdocs\atividadedelta\system\View\View.php(220): include('C:\\xampp\\htdocs...')
#6 C:\xampp\htdocs\atividadedelta\system\View\View.php(222): CodeIgniter\View\View->CodeIgniter\View\{closure}()
#7 C:\xampp\htdocs\atividadedelta\system\Common.php(1217): CodeIgniter\View\View->render('menu_index', Array, true)
#8 C:\xampp\htdocs\atividadedelta\app\Controllers\Home.php(9): view('menu_index')
#9 C:\xampp\htdocs\atividadedelta\system\CodeIgniter.php(936): App\Controllers\Home->index()
#10 C:\xampp\htdocs\atividadedelta\system\CodeIgniter.php(432): CodeIgniter\CodeIgniter->runController(Object(App\Controllers\Home))
#11 C:\xampp\htdocs\atividadedelta\system\CodeIgniter.php(333): CodeIgniter\CodeIgniter->handleRequest(NULL, Object(Config\Cache), false)
#12 C:\xampp\htdocs\atividadedelta\public\index.php(44): CodeIgniter\CodeIgniter->run()
#13 {main}
CRITICAL - 2021-04-25 16:24:54 --> Invalid file: men 	u_index.php
#0 C:\xampp\htdocs\atividadedelta\system\View\View.php(203): CodeIgniter\Exceptions\FrameworkException::forInvalidFile('men \tu_index.ph...')
#1 C:\xampp\htdocs\atividadedelta\system\Common.php(1217): CodeIgniter\View\View->render('men \tu_index', Array, true)
#2 C:\xampp\htdocs\atividadedelta\app\Controllers\Home.php(10): view('men \tu_index', Array)
#3 C:\xampp\htdocs\atividadedelta\system\CodeIgniter.php(936): App\Controllers\Home->index()
#4 C:\xampp\htdocs\atividadedelta\system\CodeIgniter.php(432): CodeIgniter\CodeIgniter->runController(Object(App\Controllers\Home))
#5 C:\xampp\htdocs\atividadedelta\system\CodeIgniter.php(333): CodeIgniter\CodeIgniter->handleRequest(NULL, Object(Config\Cache), false)
#6 C:\xampp\htdocs\atividadedelta\public\index.php(44): CodeIgniter\CodeIgniter->run()
#7 {main}
CRITICAL - 2021-04-25 19:27:14 --> Undefined variable $base_url
#0 C:\xampp\htdocs\atividadedelta\app\Controllers\Alunos.php(83): CodeIgniter\Debug\Exceptions->errorHandler(2, 'Undefined varia...', 'C:\\xampp\\htdocs...', 83)
#1 C:\xampp\htdocs\atividadedelta\system\CodeIgniter.php(936): App\Controllers\Alunos->editar('1')
#2 C:\xampp\htdocs\atividadedelta\system\CodeIgniter.php(432): CodeIgniter\CodeIgniter->runController(Object(App\Controllers\Alunos))
#3 C:\xampp\htdocs\atividadedelta\system\CodeIgniter.php(333): CodeIgniter\CodeIgniter->handleRequest(NULL, Object(Config\Cache), false)
#4 C:\xampp\htdocs\atividadedelta\public\index.php(44): CodeIgniter\CodeIgniter->run()
#5 {main}
CRITICAL - 2021-04-25 19:27:22 --> Undefined variable $base_url
#0 C:\xampp\htdocs\atividadedelta\app\Controllers\Alunos.php(83): CodeIgniter\Debug\Exceptions->errorHandler(2, 'Undefined varia...', 'C:\\xampp\\htdocs...', 83)
#1 C:\xampp\htdocs\atividadedelta\system\CodeIgniter.php(936): App\Controllers\Alunos->editar('1')
#2 C:\xampp\htdocs\atividadedelta\system\CodeIgniter.php(432): CodeIgniter\CodeIgniter->runController(Object(App\Controllers\Alunos))
#3 C:\xampp\htdocs\atividadedelta\system\CodeIgniter.php(333): CodeIgniter\CodeIgniter->handleRequest(NULL, Object(Config\Cache), false)
#4 C:\xampp\htdocs\atividadedelta\public\index.php(44): CodeIgniter\CodeIgniter->run()
#5 {main}
CRITICAL - 2021-04-25 20:39:56 --> There is no data to update.
#0 C:\xampp\htdocs\atividadedelta\system\BaseModel.php(1682): CodeIgniter\Database\Exceptions\DataException::forEmptyDataset('update')
#1 C:\xampp\htdocs\atividadedelta\system\BaseModel.php(864): CodeIgniter\BaseModel->transformDataToArray(NULL, 'update')
#2 C:\xampp\htdocs\atividadedelta\system\Model.php(737): CodeIgniter\BaseModel->update(Array, NULL)
#3 C:\xampp\htdocs\atividadedelta\app\Controllers\Alunos.php(104): CodeIgniter\Model->update(Array)
#4 C:\xampp\htdocs\atividadedelta\system\CodeIgniter.php(936): App\Controllers\Alunos->editar('11')
#5 C:\xampp\htdocs\atividadedelta\system\CodeIgniter.php(432): CodeIgniter\CodeIgniter->runController(Object(App\Controllers\Alunos))
#6 C:\xampp\htdocs\atividadedelta\system\CodeIgniter.php(333): CodeIgniter\CodeIgniter->handleRequest(NULL, Object(Config\Cache), false)
#7 C:\xampp\htdocs\atividadedelta\public\index.php(44): CodeIgniter\CodeIgniter->run()
#8 {main}
CRITICAL - 2021-04-25 20:40:04 --> There is no data to update.
#0 C:\xampp\htdocs\atividadedelta\system\BaseModel.php(1682): CodeIgniter\Database\Exceptions\DataException::forEmptyDataset('update')
#1 C:\xampp\htdocs\atividadedelta\system\BaseModel.php(864): CodeIgniter\BaseModel->transformDataToArray(NULL, 'update')
#2 C:\xampp\htdocs\atividadedelta\system\Model.php(737): CodeIgniter\BaseModel->update(Array, NULL)
#3 C:\xampp\htdocs\atividadedelta\app\Controllers\Alunos.php(104): CodeIgniter\Model->update(Array)
#4 C:\xampp\htdocs\atividadedelta\system\CodeIgniter.php(936): App\Controllers\Alunos->editar('11')
#5 C:\xampp\htdocs\atividadedelta\system\CodeIgniter.php(432): CodeIgniter\CodeIgniter->runController(Object(App\Controllers\Alunos))
#6 C:\xampp\htdocs\atividadedelta\system\CodeIgniter.php(333): CodeIgniter\CodeIgniter->handleRequest(NULL, Object(Config\Cache), false)
#7 C:\xampp\htdocs\atividadedelta\public\index.php(44): CodeIgniter\CodeIgniter->run()
#8 {main}
ERROR - 2021-04-25 20:45:10 --> mysqli_sql_exception: MySQL server has gone away in C:\xampp\htdocs\atividadedelta\system\Database\MySQLi\Connection.php:314
Stack trace:
#0 C:\xampp\htdocs\atividadedelta\system\Database\MySQLi\Connection.php(314): mysqli->query('UPDATE `aluno` ...')
#1 C:\xampp\htdocs\atividadedelta\system\Database\BaseConnection.php(713): CodeIgniter\Database\MySQLi\Connection->execute('UPDATE `aluno` ...')
#2 C:\xampp\htdocs\atividadedelta\system\Database\BaseConnection.php(641): CodeIgniter\Database\BaseConnection->simpleQuery('UPDATE `aluno` ...')
#3 C:\xampp\htdocs\atividadedelta\system\Database\BaseBuilder.php(2468): CodeIgniter\Database\BaseConnection->query('UPDATE `aluno` ...', Array, false)
#4 C:\xampp\htdocs\atividadedelta\system\Model.php(353): CodeIgniter\Database\BaseBuilder->update()
#5 C:\xampp\htdocs\atividadedelta\system\BaseModel.php(901): CodeIgniter\Model->doUpdate(Array, Array)
#6 C:\xampp\htdocs\atividadedelta\system\Model.php(737): CodeIgniter\BaseModel->update(Array, Array)
#7 C:\xampp\htdocs\atividadedelta\app\Controllers\Alunos.php(105): CodeIgniter\Model->update('11', Object(stdClass))
#8 C:\xampp\htdocs\atividadedelta\system\CodeIgniter.php(936): App\Controllers\Alunos->editar('11')
#9 C:\xampp\htdocs\atividadedelta\system\CodeIgniter.php(432): CodeIgniter\CodeIgniter->runController(Object(App\Controllers\Alunos))
#10 C:\xampp\htdocs\atividadedelta\system\CodeIgniter.php(333): CodeIgniter\CodeIgniter->handleRequest(NULL, Object(Config\Cache), false)
#11 C:\xampp\htdocs\atividadedelta\public\index.php(44): CodeIgniter\CodeIgniter->run()
#12 {main}
CRITICAL - 2021-04-25 20:45:10 --> MySQL server has gone away
#0 C:\xampp\htdocs\atividadedelta\system\Database\MySQLi\Connection.php(314): mysqli->query('UPDATE `aluno` ...')
#1 C:\xampp\htdocs\atividadedelta\system\Database\BaseConnection.php(713): CodeIgniter\Database\MySQLi\Connection->execute('UPDATE `aluno` ...')
#2 C:\xampp\htdocs\atividadedelta\system\Database\BaseConnection.php(641): CodeIgniter\Database\BaseConnection->simpleQuery('UPDATE `aluno` ...')
#3 C:\xampp\htdocs\atividadedelta\system\Database\BaseBuilder.php(2468): CodeIgniter\Database\BaseConnection->query('UPDATE `aluno` ...', Array, false)
#4 C:\xampp\htdocs\atividadedelta\system\Model.php(353): CodeIgniter\Database\BaseBuilder->update()
#5 C:\xampp\htdocs\atividadedelta\system\BaseModel.php(901): CodeIgniter\Model->doUpdate(Array, Array)
#6 C:\xampp\htdocs\atividadedelta\system\Model.php(737): CodeIgniter\BaseModel->update(Array, Array)
#7 C:\xampp\htdocs\atividadedelta\app\Controllers\Alunos.php(105): CodeIgniter\Model->update('11', Object(stdClass))
#8 C:\xampp\htdocs\atividadedelta\system\CodeIgniter.php(936): App\Controllers\Alunos->editar('11')
#9 C:\xampp\htdocs\atividadedelta\system\CodeIgniter.php(432): CodeIgniter\CodeIgniter->runController(Object(App\Controllers\Alunos))
#10 C:\xampp\htdocs\atividadedelta\system\CodeIgniter.php(333): CodeIgniter\CodeIgniter->handleRequest(NULL, Object(Config\Cache), false)
#11 C:\xampp\htdocs\atividadedelta\public\index.php(44): CodeIgniter\CodeIgniter->run()
#12 {main}
ERROR - 2021-04-25 20:45:15 --> Error connecting to the database: Nenhuma conexão pôde ser feita porque a máquina de destino as recusou ativamente
CRITICAL - 2021-04-25 20:45:15 --> Unable to connect to the database.
#0 C:\xampp\htdocs\atividadedelta\system\Database\BaseConnection.php(618): CodeIgniter\Database\BaseConnection->initialize()
#1 C:\xampp\htdocs\atividadedelta\system\Database\BaseBuilder.php(1866): CodeIgniter\Database\BaseConnection->query('SELECT *\nFROM `...', Array, false)
#2 C:\xampp\htdocs\atividadedelta\system\Model.php(169): CodeIgniter\Database\BaseBuilder->get()
#3 C:\xampp\htdocs\atividadedelta\system\BaseModel.php(518): CodeIgniter\Model->doFind(true, '11')
#4 C:\xampp\htdocs\atividadedelta\app\Controllers\Alunos.php(80): CodeIgniter\BaseModel->find('11')
#5 C:\xampp\htdocs\atividadedelta\system\CodeIgniter.php(936): App\Controllers\Alunos->editar('11')
#6 C:\xampp\htdocs\atividadedelta\system\CodeIgniter.php(432): CodeIgniter\CodeIgniter->runController(Object(App\Controllers\Alunos))
#7 C:\xampp\htdocs\atividadedelta\system\CodeIgniter.php(333): CodeIgniter\CodeIgniter->handleRequest(NULL, Object(Config\Cache), false)
#8 C:\xampp\htdocs\atividadedelta\public\index.php(44): CodeIgniter\CodeIgniter->run()
#9 {main}
CRITICAL - 2021-04-25 21:28:25 --> Illegal offset type
#0 C:\xampp\htdocs\atividadedelta\system\Database\BaseBuilder.php(731): CodeIgniter\Database\BaseBuilder->whereHaving('QBWhere', Object(stdClass), NULL, 'AND ', NULL)
#1 C:\xampp\htdocs\atividadedelta\system\Database\BaseBuilder.php(2449): CodeIgniter\Database\BaseBuilder->where(Object(stdClass))
#2 C:\xampp\htdocs\atividadedelta\app\Controllers\Alunos.php(106): CodeIgniter\Database\BaseBuilder->update(Array, Object(stdClass))
#3 C:\xampp\htdocs\atividadedelta\system\CodeIgniter.php(936): App\Controllers\Alunos->editar('11')
#4 C:\xampp\htdocs\atividadedelta\system\CodeIgniter.php(432): CodeIgniter\CodeIgniter->runController(Object(App\Controllers\Alunos))
#5 C:\xampp\htdocs\atividadedelta\system\CodeIgniter.php(333): CodeIgniter\CodeIgniter->handleRequest(NULL, Object(Config\Cache), false)
#6 C:\xampp\htdocs\atividadedelta\public\index.php(44): CodeIgniter\CodeIgniter->run()
#7 {main}
CRITICAL - 2021-04-25 21:29:02 --> CodeIgniter\Database\BaseBuilder::update(): Argument #1 ($set) must be of type ?array, stdClass given, called in C:\xampp\htdocs\atividadedelta\app\Controllers\Alunos.php on line 106
#0 C:\xampp\htdocs\atividadedelta\app\Controllers\Alunos.php(106): CodeIgniter\Database\BaseBuilder->update(Object(stdClass))
#1 C:\xampp\htdocs\atividadedelta\system\CodeIgniter.php(936): App\Controllers\Alunos->editar('11')
#2 C:\xampp\htdocs\atividadedelta\system\CodeIgniter.php(432): CodeIgniter\CodeIgniter->runController(Object(App\Controllers\Alunos))
#3 C:\xampp\htdocs\atividadedelta\system\CodeIgniter.php(333): CodeIgniter\CodeIgniter->handleRequest(NULL, Object(Config\Cache), false)
#4 C:\xampp\htdocs\atividadedelta\public\index.php(44): CodeIgniter\CodeIgniter->run()
#5 {main}
CRITICAL - 2021-04-25 21:29:14 --> CodeIgniter\Database\BaseBuilder::update(): Argument #1 ($set) must be of type ?array, stdClass given, called in C:\xampp\htdocs\atividadedelta\app\Controllers\Alunos.php on line 106
#0 C:\xampp\htdocs\atividadedelta\app\Controllers\Alunos.php(106): CodeIgniter\Database\BaseBuilder->update(Object(stdClass))
#1 C:\xampp\htdocs\atividadedelta\system\CodeIgniter.php(936): App\Controllers\Alunos->editar('11')
#2 C:\xampp\htdocs\atividadedelta\system\CodeIgniter.php(432): CodeIgniter\CodeIgniter->runController(Object(App\Controllers\Alunos))
#3 C:\xampp\htdocs\atividadedelta\system\CodeIgniter.php(333): CodeIgniter\CodeIgniter->handleRequest(NULL, Object(Config\Cache), false)
#4 C:\xampp\htdocs\atividadedelta\public\index.php(44): CodeIgniter\CodeIgniter->run()
#5 {main}
ERROR - 2021-04-25 21:29:44 --> mysqli_sql_exception: Table 'instituicao.alunos' doesn't exist in C:\xampp\htdocs\atividadedelta\system\Database\MySQLi\Connection.php:314
Stack trace:
#0 C:\xampp\htdocs\atividadedelta\system\Database\MySQLi\Connection.php(314): mysqli->query('UPDATE `alunos`...')
#1 C:\xampp\htdocs\atividadedelta\system\Database\BaseConnection.php(713): CodeIgniter\Database\MySQLi\Connection->execute('UPDATE `alunos`...')
#2 C:\xampp\htdocs\atividadedelta\system\Database\BaseConnection.php(641): CodeIgniter\Database\BaseConnection->simpleQuery('UPDATE `alunos`...')
#3 C:\xampp\htdocs\atividadedelta\system\Database\BaseBuilder.php(2468): CodeIgniter\Database\BaseConnection->query('UPDATE `alunos`...', Array, false)
#4 C:\xampp\htdocs\atividadedelta\app\Controllers\Alunos.php(106): CodeIgniter\Database\BaseBuilder->update(Array)
#5 C:\xampp\htdocs\atividadedelta\system\CodeIgniter.php(936): App\Controllers\Alunos->editar('11')
#6 C:\xampp\htdocs\atividadedelta\system\CodeIgniter.php(432): CodeIgniter\CodeIgniter->runController(Object(App\Controllers\Alunos))
#7 C:\xampp\htdocs\atividadedelta\system\CodeIgniter.php(333): CodeIgniter\CodeIgniter->handleRequest(NULL, Object(Config\Cache), false)
#8 C:\xampp\htdocs\atividadedelta\public\index.php(44): CodeIgniter\CodeIgniter->run()
#9 {main}
CRITICAL - 2021-04-25 21:29:44 --> Table 'instituicao.alunos' doesn't exist
#0 C:\xampp\htdocs\atividadedelta\system\Database\MySQLi\Connection.php(314): mysqli->query('UPDATE `alunos`...')
#1 C:\xampp\htdocs\atividadedelta\system\Database\BaseConnection.php(713): CodeIgniter\Database\MySQLi\Connection->execute('UPDATE `alunos`...')
#2 C:\xampp\htdocs\atividadedelta\system\Database\BaseConnection.php(641): CodeIgniter\Database\BaseConnection->simpleQuery('UPDATE `alunos`...')
#3 C:\xampp\htdocs\atividadedelta\system\Database\BaseBuilder.php(2468): CodeIgniter\Database\BaseConnection->query('UPDATE `alunos`...', Array, false)
#4 C:\xampp\htdocs\atividadedelta\app\Controllers\Alunos.php(106): CodeIgniter\Database\BaseBuilder->update(Array)
#5 C:\xampp\htdocs\atividadedelta\system\CodeIgniter.php(936): App\Controllers\Alunos->editar('11')
#6 C:\xampp\htdocs\atividadedelta\system\CodeIgniter.php(432): CodeIgniter\CodeIgniter->runController(Object(App\Controllers\Alunos))
#7 C:\xampp\htdocs\atividadedelta\system\CodeIgniter.php(333): CodeIgniter\CodeIgniter->handleRequest(NULL, Object(Config\Cache), false)
#8 C:\xampp\htdocs\atividadedelta\public\index.php(44): CodeIgniter\CodeIgniter->run()
#9 {main}
ERROR - 2021-04-25 21:32:06 --> mysqli_sql_exception: Table 'instituicao.alunos' doesn't exist in C:\xampp\htdocs\atividadedelta\system\Database\MySQLi\Connection.php:314
Stack trace:
#0 C:\xampp\htdocs\atividadedelta\system\Database\MySQLi\Connection.php(314): mysqli->query('UPDATE `alunos`...')
#1 C:\xampp\htdocs\atividadedelta\system\Database\BaseConnection.php(713): CodeIgniter\Database\MySQLi\Connection->execute('UPDATE `alunos`...')
#2 C:\xampp\htdocs\atividadedelta\system\Database\BaseConnection.php(641): CodeIgniter\Database\BaseConnection->simpleQuery('UPDATE `alunos`...')
#3 C:\xampp\htdocs\atividadedelta\system\Database\BaseBuilder.php(2468): CodeIgniter\Database\BaseConnection->query('UPDATE `alunos`...', Array, false)
#4 C:\xampp\htdocs\atividadedelta\app\Controllers\Alunos.php(108): CodeIgniter\Database\BaseBuilder->update(Array)
#5 C:\xampp\htdocs\atividadedelta\system\CodeIgniter.php(936): App\Controllers\Alunos->editar('11')
#6 C:\xampp\htdocs\atividadedelta\system\CodeIgniter.php(432): CodeIgniter\CodeIgniter->runController(Object(App\Controllers\Alunos))
#7 C:\xampp\htdocs\atividadedelta\system\CodeIgniter.php(333): CodeIgniter\CodeIgniter->handleRequest(NULL, Object(Config\Cache), false)
#8 C:\xampp\htdocs\atividadedelta\public\index.php(44): CodeIgniter\CodeIgniter->run()
#9 {main}
CRITICAL - 2021-04-25 21:32:06 --> Table 'instituicao.alunos' doesn't exist
#0 C:\xampp\htdocs\atividadedelta\system\Database\MySQLi\Connection.php(314): mysqli->query('UPDATE `alunos`...')
#1 C:\xampp\htdocs\atividadedelta\system\Database\BaseConnection.php(713): CodeIgniter\Database\MySQLi\Connection->execute('UPDATE `alunos`...')
#2 C:\xampp\htdocs\atividadedelta\system\Database\BaseConnection.php(641): CodeIgniter\Database\BaseConnection->simpleQuery('UPDATE `alunos`...')
#3 C:\xampp\htdocs\atividadedelta\system\Database\BaseBuilder.php(2468): CodeIgniter\Database\BaseConnection->query('UPDATE `alunos`...', Array, false)
#4 C:\xampp\htdocs\atividadedelta\app\Controllers\Alunos.php(108): CodeIgniter\Database\BaseBuilder->update(Array)
#5 C:\xampp\htdocs\atividadedelta\system\CodeIgniter.php(936): App\Controllers\Alunos->editar('11')
#6 C:\xampp\htdocs\atividadedelta\system\CodeIgniter.php(432): CodeIgniter\CodeIgniter->runController(Object(App\Controllers\Alunos))
#7 C:\xampp\htdocs\atividadedelta\system\CodeIgniter.php(333): CodeIgniter\CodeIgniter->handleRequest(NULL, Object(Config\Cache), false)
#8 C:\xampp\htdocs\atividadedelta\public\index.php(44): CodeIgniter\CodeIgniter->run()
#9 {main}
ERROR - 2021-04-25 21:32:45 --> mysqli_sql_exception: Unknown column 'id' in 'where clause' in C:\xampp\htdocs\atividadedelta\system\Database\MySQLi\Connection.php:314
Stack trace:
#0 C:\xampp\htdocs\atividadedelta\system\Database\MySQLi\Connection.php(314): mysqli->query('UPDATE `aluno` ...')
#1 C:\xampp\htdocs\atividadedelta\system\Database\BaseConnection.php(713): CodeIgniter\Database\MySQLi\Connection->execute('UPDATE `aluno` ...')
#2 C:\xampp\htdocs\atividadedelta\system\Database\BaseConnection.php(641): CodeIgniter\Database\BaseConnection->simpleQuery('UPDATE `aluno` ...')
#3 C:\xampp\htdocs\atividadedelta\system\Database\BaseBuilder.php(2468): CodeIgniter\Database\BaseConnection->query('UPDATE `aluno` ...', Array, false)
#4 C:\xampp\htdocs\atividadedelta\app\Controllers\Alunos.php(108): CodeIgniter\Database\BaseBuilder->update(Array)
#5 C:\xampp\htdocs\atividadedelta\system\CodeIgniter.php(936): App\Controllers\Alunos->editar('11')
#6 C:\xampp\htdocs\atividadedelta\system\CodeIgniter.php(432): CodeIgniter\CodeIgniter->runController(Object(App\Controllers\Alunos))
#7 C:\xampp\htdocs\atividadedelta\system\CodeIgniter.php(333): CodeIgniter\CodeIgniter->handleRequest(NULL, Object(Config\Cache), false)
#8 C:\xampp\htdocs\atividadedelta\public\index.php(44): CodeIgniter\CodeIgniter->run()
#9 {main}
CRITICAL - 2021-04-25 21:32:45 --> Unknown column 'id' in 'where clause'
#0 C:\xampp\htdocs\atividadedelta\system\Database\MySQLi\Connection.php(314): mysqli->query('UPDATE `aluno` ...')
#1 C:\xampp\htdocs\atividadedelta\system\Database\BaseConnection.php(713): CodeIgniter\Database\MySQLi\Connection->execute('UPDATE `aluno` ...')
#2 C:\xampp\htdocs\atividadedelta\system\Database\BaseConnection.php(641): CodeIgniter\Database\BaseConnection->simpleQuery('UPDATE `aluno` ...')
#3 C:\xampp\htdocs\atividadedelta\system\Database\BaseBuilder.php(2468): CodeIgniter\Database\BaseConnection->query('UPDATE `aluno` ...', Array, false)
#4 C:\xampp\htdocs\atividadedelta\app\Controllers\Alunos.php(108): CodeIgniter\Database\BaseBuilder->update(Array)
#5 C:\xampp\htdocs\atividadedelta\system\CodeIgniter.php(936): App\Controllers\Alunos->editar('11')
#6 C:\xampp\htdocs\atividadedelta\system\CodeIgniter.php(432): CodeIgniter\CodeIgniter->runController(Object(App\Controllers\Alunos))
#7 C:\xampp\htdocs\atividadedelta\system\CodeIgniter.php(333): CodeIgniter\CodeIgniter->handleRequest(NULL, Object(Config\Cache), false)
#8 C:\xampp\htdocs\atividadedelta\public\index.php(44): CodeIgniter\CodeIgniter->run()
#9 {main}
